cl : command line  warning D9035: option 'Gm' has been deprecated and will be removed in a future release
  Bezier Curve Testing.cpp
C:\Users\e_sid\Desktop\TL-Engine Projects\testing\Bezier Curve Testing\Bezier Curve Testing.cpp(4,10): warning C4067: unexpected tokens following preprocessor directive - expected a newline
C:\Users\e_sid\Desktop\TL-Engine Projects\testing\Bezier Curve Testing\Bezier Curve Testing.cpp(5,10): warning C4067: unexpected tokens following preprocessor directive - expected a newline
C:\Users\e_sid\Desktop\TL-Engine Projects\testing\Bezier Curve Testing\Bezier Curve Testing.cpp(6,10): warning C4067: unexpected tokens following preprocessor directive - expected a newline
C:\Users\e_sid\Desktop\TL-Engine Projects\testing\Bezier Curve Testing\Bezier.h(3,10): warning C4067: unexpected tokens following preprocessor directive - expected a newline
C:\Users\e_sid\Desktop\TL-Engine Projects\testing\Bezier Curve Testing\Bezier.h(4,10): warning C4067: unexpected tokens following preprocessor directive - expected a newline
C:\Users\e_sid\Desktop\TL-Engine Projects\testing\Bezier Curve Testing\Bezier.h(34,15): error C2365: 'Curve::top': redefinition; previous definition was 'data member'
C:\Users\e_sid\Desktop\TL-Engine Projects\testing\Bezier Curve Testing\Bezier.h(18,15): message : see declaration of 'Curve::top'
C:\Users\e_sid\Desktop\TL-Engine Projects\testing\Bezier Curve Testing\Bezier.h(35,3): error C2059: syntax error: 'return'
C:\Users\e_sid\Desktop\TL-Engine Projects\testing\Bezier Curve Testing\Bezier.h(35,21): error C2238: unexpected token(s) preceding ';'
C:\Users\e_sid\Desktop\TL-Engine Projects\testing\Bezier Curve Testing\Bezier.h(38,9): error C2146: syntax error: missing ';' before identifier 'posOnCureve'
C:\Users\e_sid\Desktop\TL-Engine Projects\testing\Bezier Curve Testing\Bezier.h(38,21): error C2062: type 'float' unexpected
C:\Users\e_sid\Desktop\TL-Engine Projects\testing\Bezier Curve Testing\Bezier.h(38,30): error C2143: syntax error: missing ';' before '{'
C:\Users\e_sid\Desktop\TL-Engine Projects\testing\Bezier Curve Testing\Bezier.h(38,30): error C2447: '{': missing function header (old-style formal list?)
C:\Users\e_sid\Desktop\TL-Engine Projects\testing\Bezier Curve Testing\Bezier.h(48,1): error C2059: syntax error: '}'
C:\Users\e_sid\Desktop\TL-Engine Projects\testing\Bezier Curve Testing\Bezier.h(48,1): error C2143: syntax error: missing ';' before '}'
C:\Users\e_sid\Desktop\TL-Engine Projects\testing\Bezier Curve Testing\Bezier Curve Testing.cpp(34,11): error C2039: 'posOnCureve': is not a member of 'Curve'
C:\Users\e_sid\Desktop\TL-Engine Projects\testing\Bezier Curve Testing\Bezier.h(13,8): message : see declaration of 'Curve'
